# JRE version: OpenJDK Runtime Environment (11.0.6+10) (build 11.0.6+10-post-Ubuntu-1ubuntu118.04.1)
# Java VM: OpenJDK 64-Bit Server VM (11.0.6+10-post-Ubuntu-1ubuntu118.04.1, mixed mode, sharing, tiered, compressed oops, g1 gc, linux-amd64)
Heap:
 garbage-first heap   total 264192K, used 36334K [0x0000000700c00000, 0x0000000800000000)
  region size 1024K, 13 young (13312K), 2 survivors (2048K)
 Metaspace       used 6279K, capacity 7363K, committed 7552K, reserved 1056768K
  class space    used 692K, capacity 794K, committed 896K, reserved 1048576K
GC Heap History (8 events):
Event: 0.562 GC heap before
{Heap before GC invocations=0 (full 0):
 garbage-first heap   total 264192K, used 17092K [0x0000000700c00000, 0x0000000800000000)
  region size 1024K, 14 young (14336K), 0 survivors (0K)
 Metaspace       used 5192K, capacity 6644K, committed 6912K, reserved 1056768K
  class space    used 597K, capacity 747K, committed 768K, reserved 1048576K
}
Event: 0.570 GC heap after
{Heap after GC invocations=1 (full 0):
 garbage-first heap   total 264192K, used 5793K [0x0000000700c00000, 0x0000000800000000)
  region size 1024K, 2 young (2048K), 2 survivors (2048K)
 Metaspace       used 5192K, capacity 6644K, committed 6912K, reserved 1056768K
  class space    used 597K, capacity 747K, committed 768K, reserved 1048576K
}
Event: 0.687 GC heap before
{Heap before GC invocations=1 (full 0):
 garbage-first heap   total 264192K, used 17057K [0x0000000700c00000, 0x0000000800000000)
  region size 1024K, 13 young (13312K), 2 survivors (2048K)
 Metaspace       used 5616K, capacity 7061K, committed 7296K, reserved 1056768K
  class space    used 632K, capacity 779K, committed 896K, reserved 1048576K
}
Event: 0.700 GC heap after
{Heap after GC invocations=2 (full 0):
 garbage-first heap   total 264192K, used 10617K [0x0000000700c00000, 0x0000000800000000)
  region size 1024K, 2 young (2048K), 2 survivors (2048K)
 Metaspace       used 5616K, capacity 7061K, committed 7296K, reserved 1056768K
  class space    used 632K, capacity 779K, committed 896K, reserved 1048576K
}
Event: 0.876 GC heap before
{Heap before GC invocations=2 (full 0):
 garbage-first heap   total 264192K, used 37241K [0x0000000700c00000, 0x0000000800000000)
  region size 1024K, 28 young (28672K), 2 survivors (2048K)
 Metaspace       used 5848K, capacity 7132K, committed 7296K, reserved 1056768K
  class space    used 660K, capacity 781K, committed 896K, reserved 1048576K
}
Event: 0.954 GC heap after
{Heap after GC invocations=3 (full 0):
 garbage-first heap   total 264192K, used 22820K [0x0000000700c00000, 0x0000000800000000)
  region size 1024K, 4 young (4096K), 4 survivors (4096K)
 Metaspace       used 5848K, capacity 7132K, committed 7296K, reserved 1056768K
  class space    used 660K, capacity 781K, committed 896K, reserved 1048576K
}
Event: 1.228 GC heap before
{Heap before GC invocations=3 (full 0):
 garbage-first heap   total 264192K, used 31012K [0x0000000700c00000, 0x0000000800000000)
  region size 1024K, 12 young (12288K), 4 survivors (4096K)
 Metaspace       used 6248K, capacity 7363K, committed 7552K, reserved 1056768K
  class space    used 692K, capacity 794K, committed 896K, reserved 1048576K
}
Event: 1.244 GC heap after
{Heap after GC invocations=4 (full 0):
 garbage-first heap   total 264192K, used 26094K [0x0000000700c00000, 0x0000000800000000)
  region size 1024K, 2 young (2048K), 2 survivors (2048K)
 Metaspace       used 6248K, capacity 7363K, committed 7552K, reserved 1056768K
  class space    used 692K, capacity 794K, committed 896K, reserved 1048576K
}

