# JRE version: OpenJDK Runtime Environment (11.0.6+10) (build 11.0.6+10-post-Ubuntu-1ubuntu118.04.1)
# Java VM: OpenJDK 64-Bit Server VM (11.0.6+10-post-Ubuntu-1ubuntu118.04.1, mixed mode, sharing, tiered, compressed oops, g1 gc, linux-amd64)
Heap:
 garbage-first heap   total 563200K, used 235204K [0x0000000700c00000, 0x0000000800000000)
  region size 1024K, 38 young (38912K), 24 survivors (24576K)
 Metaspace       used 9966K, capacity 10311K, committed 10624K, reserved 1058816K
  class space    used 939K, capacity 1059K, committed 1152K, reserved 1048576K
GC Heap History (20 events):
Event: 2.182 GC heap before
{Heap before GC invocations=3 (full 0):
 garbage-first heap   total 264192K, used 40644K [0x0000000700c00000, 0x0000000800000000)
  region size 1024K, 12 young (12288K), 4 survivors (4096K)
 Metaspace       used 5832K, capacity 7061K, committed 7296K, reserved 1056768K
  class space    used 654K, capacity 779K, committed 896K, reserved 1048576K
}
Event: 2.190 GC heap after
{Heap after GC invocations=4 (full 0):
 garbage-first heap   total 264192K, used 36446K [0x0000000700c00000, 0x0000000800000000)
  region size 1024K, 2 young (2048K), 2 survivors (2048K)
 Metaspace       used 5832K, capacity 7061K, committed 7296K, reserved 1056768K
  class space    used 654K, capacity 779K, committed 896K, reserved 1048576K
}
Event: 2.214 GC heap before
{Heap before GC invocations=4 (full 0):
 garbage-first heap   total 264192K, used 53854K [0x0000000700c00000, 0x0000000800000000)
  region size 1024K, 19 young (19456K), 2 survivors (2048K)
 Metaspace       used 5834K, capacity 7061K, committed 7296K, reserved 1056768K
  class space    used 654K, capacity 779K, committed 896K, reserved 1048576K
}
Event: 2.224 GC heap after
{Heap after GC invocations=5 (full 0):
 garbage-first heap   total 264192K, used 43716K [0x0000000700c00000, 0x0000000800000000)
  region size 1024K, 3 young (3072K), 3 survivors (3072K)
 Metaspace       used 5834K, capacity 7061K, committed 7296K, reserved 1056768K
  class space    used 654K, capacity 779K, committed 896K, reserved 1048576K
}
Event: 2.268 GC heap before
{Heap before GC invocations=5 (full 0):
 garbage-first heap   total 264192K, used 74436K [0x0000000700c00000, 0x0000000800000000)
  region size 1024K, 33 young (33792K), 3 survivors (3072K)
 Metaspace       used 5835K, capacity 7061K, committed 7296K, reserved 1056768K
  class space    used 654K, capacity 779K, committed 896K, reserved 1048576K
}
Event: 2.288 GC heap after
{Heap after GC invocations=6 (full 0):
 garbage-first heap   total 321536K, used 57328K [0x0000000700c00000, 0x0000000800000000)
  region size 1024K, 5 young (5120K), 5 survivors (5120K)
 Metaspace       used 5835K, capacity 7061K, committed 7296K, reserved 1056768K
  class space    used 654K, capacity 779K, committed 896K, reserved 1048576K
}
Event: 2.391 GC heap before
{Heap before GC invocations=6 (full 0):
 garbage-first heap   total 321536K, used 98288K [0x0000000700c00000, 0x0000000800000000)
  region size 1024K, 45 young (46080K), 5 survivors (5120K)
 Metaspace       used 5835K, capacity 7061K, committed 7296K, reserved 1056768K
  class space    used 654K, capacity 779K, committed 896K, reserved 1048576K
}
Event: 2.417 GC heap after
{Heap after GC invocations=7 (full 0):
 garbage-first heap   total 321536K, used 74436K [0x0000000700c00000, 0x0000000800000000)
  region size 1024K, 6 young (6144K), 6 survivors (6144K)
 Metaspace       used 5835K, capacity 7061K, committed 7296K, reserved 1056768K
  class space    used 654K, capacity 779K, committed 896K, reserved 1048576K
}
Event: 2.713 GC heap before
{Heap before GC invocations=7 (full 0):
 garbage-first heap   total 321536K, used 126660K [0x0000000700c00000, 0x0000000800000000)
  region size 1024K, 57 young (58368K), 6 survivors (6144K)
 Metaspace       used 6428K, capacity 7378K, committed 7552K, reserved 1056768K
  class space    used 696K, capacity 799K, committed 896K, reserved 1048576K
}
Event: 2.727 GC heap after
{Heap after GC invocations=8 (full 0):
 garbage-first heap   total 321536K, used 80860K [0x0000000700c00000, 0x0000000800000000)
  region size 1024K, 6 young (6144K), 6 survivors (6144K)
 Metaspace       used 6428K, capacity 7378K, committed 7552K, reserved 1056768K
  class space    used 696K, capacity 799K, committed 896K, reserved 1048576K
}
Event: 3.363 GC heap before
{Heap before GC invocations=8 (full 0):
 garbage-first heap   total 321536K, used 152540K [0x0000000700c00000, 0x0000000800000000)
  region size 1024K, 76 young (77824K), 6 survivors (6144K)
 Metaspace       used 9002K, capacity 9582K, committed 9728K, reserved 1058816K
  class space    used 911K, capacity 1014K, committed 1024K, reserved 1048576K
}
Event: 3.386 GC heap after
{Heap after GC invocations=9 (full 0):
 garbage-first heap   total 321536K, used 97364K [0x0000000700c00000, 0x0000000800000000)
  region size 1024K, 10 young (10240K), 10 survivors (10240K)
 Metaspace       used 9002K, capacity 9582K, committed 9728K, reserved 1058816K
  class space    used 911K, capacity 1014K, committed 1024K, reserved 1048576K
}
Event: 4.350 GC heap before
{Heap before GC invocations=9 (full 0):
 garbage-first heap   total 321536K, used 206932K [0x0000000700c00000, 0x0000000800000000)
  region size 1024K, 117 young (119808K), 10 survivors (10240K)
 Metaspace       used 9624K, capacity 10029K, committed 10368K, reserved 1058816K
  class space    used 934K, capacity 1054K, committed 1152K, reserved 1048576K
}
Event: 4.401 GC heap after
{Heap after GC invocations=10 (full 0):
 garbage-first heap   total 563200K, used 120002K [0x0000000700c00000, 0x0000000800000000)
  region size 1024K, 15 young (15360K), 15 survivors (15360K)
 Metaspace       used 9624K, capacity 10029K, committed 10368K, reserved 1058816K
  class space    used 934K, capacity 1054K, committed 1152K, reserved 1048576K
}
Event: 6.030 GC heap before
{Heap before GC invocations=10 (full 0):
 garbage-first heap   total 563200K, used 252098K [0x0000000700c00000, 0x0000000800000000)
  region size 1024K, 144 young (147456K), 15 survivors (15360K)
 Metaspace       used 9801K, capacity 10162K, committed 10368K, reserved 1058816K
  class space    used 934K, capacity 1054K, committed 1152K, reserved 1048576K
}
Event: 6.112 GC heap after
{Heap after GC invocations=11 (full 0):
 garbage-first heap   total 563200K, used 149188K [0x0000000700c00000, 0x0000000800000000)
  region size 1024K, 18 young (18432K), 18 survivors (18432K)
 Metaspace       used 9801K, capacity 10162K, committed 10368K, reserved 1058816K
  class space    used 934K, capacity 1054K, committed 1152K, reserved 1048576K
}
Event: 7.375 GC heap before
{Heap before GC invocations=11 (full 0):
 garbage-first heap   total 563200K, used 300740K [0x0000000700c00000, 0x0000000800000000)
  region size 1024K, 166 young (169984K), 18 survivors (18432K)
 Metaspace       used 9885K, capacity 10236K, committed 10368K, reserved 1058816K
  class space    used 936K, capacity 1056K, committed 1152K, reserved 1048576K
}
Event: 7.440 GC heap after
{Heap after GC invocations=12 (full 0):
 garbage-first heap   total 563200K, used 183492K [0x0000000700c00000, 0x0000000800000000)
  region size 1024K, 21 young (21504K), 21 survivors (21504K)
 Metaspace       used 9885K, capacity 10236K, committed 10368K, reserved 1058816K
  class space    used 936K, capacity 1056K, committed 1152K, reserved 1048576K
}
Event: 8.908 GC heap before
{Heap before GC invocations=12 (full 0):
 garbage-first heap   total 563200K, used 351428K [0x0000000700c00000, 0x0000000800000000)
  region size 1024K, 185 young (189440K), 21 survivors (21504K)
 Metaspace       used 9964K, capacity 10311K, committed 10624K, reserved 1058816K
  class space    used 939K, capacity 1059K, committed 1152K, reserved 1048576K
}
Event: 8.994 GC heap after
{Heap after GC invocations=13 (full 0):
 garbage-first heap   total 563200K, used 221892K [0x0000000700c00000, 0x0000000800000000)
  region size 1024K, 24 young (24576K), 24 survivors (24576K)
 Metaspace       used 9964K, capacity 10311K, committed 10624K, reserved 1058816K
  class space    used 939K, capacity 1059K, committed 1152K, reserved 1048576K
}

